<?xml version="1.0" encoding="UTF-8"?>
<testng-results skipped="0" failed="0" ignored="0" total="1" passed="1">
  <reporter-output>
  </reporter-output>
  <suite name="Default suite" duration-ms="12064" started-at="2022-12-27T17:21:52Z" finished-at="2022-12-27T17:22:04Z">
    <groups>
    </groups>
    <test name="Default test" duration-ms="12064" started-at="2022-12-27T17:21:52Z" finished-at="2022-12-27T17:22:04Z">
      <class name="com.crm.test.LoginTest">
        <test-method status="PASS" signature="loginTest()[pri:0, instance:com.crm.test.LoginTest@43301423]" name="loginTest" duration-ms="12026" started-at="2022-12-27T17:21:52Z" finished-at="2022-12-27T17:22:04Z">
          <reporter-output>
          </reporter-output>
        </test-method> <!-- loginTest -->
      </class> <!-- com.crm.test.LoginTest -->
    </test> <!-- Default test -->
  </suite> <!-- Default suite -->
</testng-results>
